::1 - - [21/Apr/2023:21:16:36 +0000] "POST /users/signup HTTP/1.1" 500 28 "-" "PostmanRuntime/7.32.2"
::1 - - [21/Apr/2023:22:00:00 +0000] "POST /users/signup HTTP/1.1" 500 33 "-" "PostmanRuntime/7.32.2"
::1 - - [21/Apr/2023:22:00:59 +0000] "POST /users/signup HTTP/1.1" 200 1025 "-" "PostmanRuntime/7.32.2"
::1 - - [21/Apr/2023:22:02:12 +0000] "POST /rooms HTTP/1.1" 401 25 "-" "PostmanRuntime/7.32.2"
::1 - - [21/Apr/2023:22:06:47 +0000] "POST /users/signup HTTP/1.1" 500 31 "-" "PostmanRuntime/7.32.2"
::1 - - [21/Apr/2023:22:07:19 +0000] "POST /users/signup HTTP/1.1" 200 990 "-" "PostmanRuntime/7.32.2"
::1 - - [21/Apr/2023:22:10:12 +0000] "POST /users/signup HTTP/1.1" 200 990 "-" "PostmanRuntime/7.32.2"
::1 - - [21/Apr/2023:22:11:00 +0000] "POST /users/signup HTTP/1.1" 200 990 "-" "PostmanRuntime/7.32.2"
::1 - - [21/Apr/2023:22:13:28 +0000] "POST /users/signup HTTP/1.1" 500 31 "-" "PostmanRuntime/7.32.2"
::1 - - [21/Apr/2023:22:13:39 +0000] "POST /users/signup HTTP/1.1" 200 1038 "-" "PostmanRuntime/7.32.2"
::1 - - [21/Apr/2023:22:18:43 +0000] "POST /users/signup HTTP/1.1" 500 66 "-" "PostmanRuntime/7.32.2"
::1 - - [21/Apr/2023:22:19:36 +0000] "POST /users/signup HTTP/1.1" 500 66 "-" "PostmanRuntime/7.32.2"
::1 - - [21/Apr/2023:22:20:07 +0000] "POST /users/signup HTTP/1.1" 500 76 "-" "PostmanRuntime/7.32.2"
::1 - - [21/Apr/2023:22:21:28 +0000] "POST /users/signup HTTP/1.1" 500 76 "-" "PostmanRuntime/7.32.2"
::1 - - [21/Apr/2023:22:23:44 +0000] "POST /users/signup HTTP/1.1" 500 76 "-" "PostmanRuntime/7.32.2"
::1 - - [21/Apr/2023:22:24:09 +0000] "POST /users/signup HTTP/1.1" 500 76 "-" "PostmanRuntime/7.32.2"
::1 - - [21/Apr/2023:22:26:27 +0000] "POST /users/signup HTTP/1.1" 200 1025 "-" "PostmanRuntime/7.32.2"
::1 - - [21/Apr/2023:22:27:45 +0000] "POST /users/signup HTTP/1.1" 200 1025 "-" "PostmanRuntime/7.32.2"
::1 - - [21/Apr/2023:22:32:42 +0000] "POST /users/signup HTTP/1.1" 200 1025 "-" "PostmanRuntime/7.32.2"
::1 - - [21/Apr/2023:22:39:05 +0000] "POST /users/signup HTTP/1.1" 500 31 "-" "PostmanRuntime/7.32.2"
::1 - - [21/Apr/2023:22:39:12 +0000] "POST /users/signup HTTP/1.1" 200 1025 "-" "PostmanRuntime/7.32.2"
::1 - - [21/Apr/2023:22:41:30 +0000] "POST /users/signup HTTP/1.1" 200 1025 "-" "PostmanRuntime/7.32.2"
::1 - - [21/Apr/2023:22:44:57 +0000] "POST /users/signup HTTP/1.1" 500 66 "-" "PostmanRuntime/7.32.2"
::1 - - [21/Apr/2023:22:50:35 +0000] "POST /users/signup HTTP/1.1" 200 1026 "-" "PostmanRuntime/7.32.2"
::1 - - [21/Apr/2023:22:51:31 +0000] "POST /users/signup HTTP/1.1" 200 1018 "-" "PostmanRuntime/7.32.2"
::1 - - [21/Apr/2023:22:52:53 +0000] "POST /rooms HTTP/1.1" 401 25 "-" "PostmanRuntime/7.32.2"
::1 - - [21/Apr/2023:22:56:03 +0000] "POST /rooms HTTP/1.1" 401 25 "-" "PostmanRuntime/7.32.2"
::1 - - [21/Apr/2023:22:57:08 +0000] "POST /rooms HTTP/1.1" 401 25 "-" "PostmanRuntime/7.32.2"
::1 - - [21/Apr/2023:22:58:02 +0000] "POST /rooms HTTP/1.1" 401 25 "-" "PostmanRuntime/7.32.2"
::1 - - [21/Apr/2023:22:59:49 +0000] "POST /rooms HTTP/1.1" 401 25 "-" "PostmanRuntime/7.32.2"
::1 - - [21/Apr/2023:23:00:13 +0000] "POST /rooms HTTP/1.1" 401 25 "-" "PostmanRuntime/7.32.2"
::1 - - [21/Apr/2023:23:03:07 +0000] "POST /users/signup HTTP/1.1" 200 1018 "-" "PostmanRuntime/7.32.2"
::1 - - [21/Apr/2023:23:03:33 +0000] "POST /users/login HTTP/1.1" 200 758 "-" "PostmanRuntime/7.32.2"
::1 - - [21/Apr/2023:23:04:05 +0000] "POST /rooms HTTP/1.1" 401 25 "-" "PostmanRuntime/7.32.2"
::1 - - [21/Apr/2023:23:05:19 +0000] "POST /users/login HTTP/1.1" 200 758 "-" "PostmanRuntime/7.32.2"
::1 - - [21/Apr/2023:23:05:56 +0000] "POST /rooms HTTP/1.1" 401 25 "-" "PostmanRuntime/7.32.2"
::1 - - [21/Apr/2023:23:09:23 +0000] "POST /rooms HTTP/1.1" 401 25 "-" "PostmanRuntime/7.32.2"
::1 - - [21/Apr/2023:23:09:25 +0000] "POST /rooms HTTP/1.1" 401 25 "-" "PostmanRuntime/7.32.2"
::1 - - [21/Apr/2023:23:09:33 +0000] "POST /rooms HTTP/1.1" 401 25 "-" "PostmanRuntime/7.32.2"
::1 - - [21/Apr/2023:23:10:02 +0000] "POST /users/login HTTP/1.1" 200 758 "-" "PostmanRuntime/7.32.2"
::1 - - [21/Apr/2023:23:10:36 +0000] "POST /rooms HTTP/1.1" 401 25 "-" "PostmanRuntime/7.32.2"
::1 - - [21/Apr/2023:23:10:57 +0000] "POST /rooms HTTP/1.1" 401 25 "-" "PostmanRuntime/7.32.2"
::1 - - [21/Apr/2023:23:11:13 +0000] "POST /rooms HTTP/1.1" 401 25 "-" "PostmanRuntime/7.32.2"
::1 - - [21/Apr/2023:23:12:09 +0000] "POST /users/signup HTTP/1.1" 200 1019 "-" "PostmanRuntime/7.32.2"
::1 - - [21/Apr/2023:23:12:51 +0000] "POST /rooms HTTP/1.1" 401 25 "-" "PostmanRuntime/7.32.2"
::1 - - [21/Apr/2023:23:23:15 +0000] "POST /users/login HTTP/1.1" 200 759 "-" "PostmanRuntime/7.32.2"
::1 - - [21/Apr/2023:23:23:28 +0000] "POST /rooms HTTP/1.1" 500 40 "-" "PostmanRuntime/7.32.2"
::1 - - [21/Apr/2023:23:31:29 +0000] "POST /users/login HTTP/1.1" 200 759 "-" "PostmanRuntime/7.32.2"
::1 - - [21/Apr/2023:23:31:47 +0000] "POST /rooms HTTP/1.1" 500 148 "-" "PostmanRuntime/7.32.2"
::1 - - [21/Apr/2023:23:39:51 +0000] "POST /rooms HTTP/1.1" 500 40 "-" "PostmanRuntime/7.32.2"
::1 - - [21/Apr/2023:23:40:23 +0000] "POST /rooms HTTP/1.1" 500 74 "-" "PostmanRuntime/7.32.2"
::1 - - [21/Apr/2023:23:41:46 +0000] "POST /rooms HTTP/1.1" 500 74 "-" "PostmanRuntime/7.32.2"
::1 - - [21/Apr/2023:23:43:50 +0000] "POST /rooms HTTP/1.1" 500 74 "-" "PostmanRuntime/7.32.2"
::1 - - [21/Apr/2023:23:46:12 +0000] "POST /users/login HTTP/1.1" 200 759 "-" "PostmanRuntime/7.32.2"
::1 - - [21/Apr/2023:23:46:32 +0000] "POST /rooms HTTP/1.1" 500 74 "-" "PostmanRuntime/7.32.2"
::1 - - [21/Apr/2023:23:49:08 +0000] "POST /rooms HTTP/1.1" 500 74 "-" "PostmanRuntime/7.32.2"
::1 - - [21/Apr/2023:23:53:23 +0000] "POST /rooms HTTP/1.1" 500 74 "-" "PostmanRuntime/7.32.2"
::1 - - [21/Apr/2023:23:56:25 +0000] "POST /rooms HTTP/1.1" 500 74 "-" "PostmanRuntime/7.32.2"
::1 - - [21/Apr/2023:23:59:11 +0000] "POST /rooms HTTP/1.1" 500 74 "-" "PostmanRuntime/7.32.2"
::1 - - [22/Apr/2023:00:16:31 +0000] "POST /rooms HTTP/1.1" 200 292 "-" "PostmanRuntime/7.32.2"
::1 - - [22/Apr/2023:00:17:23 +0000] "POST /users/signup HTTP/1.1" 200 1015 "-" "PostmanRuntime/7.32.2"
::1 - - [22/Apr/2023:00:17:38 +0000] "POST /users/login HTTP/1.1" 200 755 "-" "PostmanRuntime/7.32.2"
::1 - - [22/Apr/2023:00:18:09 +0000] "POST /rooms HTTP/1.1" 401 43 "-" "PostmanRuntime/7.32.2"
::1 - - [22/Apr/2023:00:20:30 +0000] "GET /rooms HTTP/1.1" 200 281 "-" "PostmanRuntime/7.32.2"
::1 - - [22/Apr/2023:00:21:50 +0000] "GET /rooms HTTP/1.1" 200 270 "-" "PostmanRuntime/7.32.2"
::1 - - [22/Apr/2023:00:23:00 +0000] "GET /rooms HTTP/1.1" 200 294 "-" "PostmanRuntime/7.32.2"
::1 - - [22/Apr/2023:00:24:33 +0000] "GET /rooms/6443275f3b9c02b25a0d8171 HTTP/1.1" 404 26 "-" "PostmanRuntime/7.32.2"
::1 - - [22/Apr/2023:00:25:23 +0000] "GET /rooms/6443275f3b9c02b25a0d8171 HTTP/1.1" 404 26 "-" "PostmanRuntime/7.32.2"
::1 - - [22/Apr/2023:00:25:35 +0000] "GET /rooms HTTP/1.1" 200 294 "-" "PostmanRuntime/7.32.2"
::1 - - [22/Apr/2023:00:26:13 +0000] "GET /rooms HTTP/1.1" 200 294 "-" "PostmanRuntime/7.32.2"
::1 - - [22/Apr/2023:00:26:18 +0000] "GET /rooms/6443275f3b9c02b25a0d8171 HTTP/1.1" 200 292 "-" "PostmanRuntime/7.32.2"
::1 - - [22/Apr/2023:00:45:03 +0000] "PATCH /rooms/6443275f3b9c02b25a0d8171 HTTP/1.1" 401 43 "-" "PostmanRuntime/7.32.2"
::1 - - [22/Apr/2023:00:45:17 +0000] "POST /users/login HTTP/1.1" 200 759 "-" "PostmanRuntime/7.32.2"
::1 - - [22/Apr/2023:00:45:54 +0000] "PATCH /rooms/6443275f3b9c02b25a0d8171 HTTP/1.1" - - "-" "PostmanRuntime/7.32.2"
::1 - - [22/Apr/2023:00:48:42 +0000] "PATCH /rooms/6443275f3b9c02b25a0d8171 HTTP/1.1" 500 29 "-" "PostmanRuntime/7.32.2"
::1 - - [22/Apr/2023:00:49:25 +0000] "PATCH /rooms/6443275f3b9c02b25a0d8171 HTTP/1.1" 500 29 "-" "PostmanRuntime/7.32.2"
::1 - - [22/Apr/2023:00:51:00 +0000] "PATCH /rooms/6443275f3b9c02b25a0d8171 HTTP/1.1" 500 29 "-" "PostmanRuntime/7.32.2"
::1 - - [22/Apr/2023:00:51:16 +0000] "PATCH /rooms/6443275f3b9c02b25a0d8171 HTTP/1.1" 500 29 "-" "PostmanRuntime/7.32.2"
::1 - - [22/Apr/2023:00:51:54 +0000] "PATCH /rooms/6443275f3b9c02b25a0d8171 HTTP/1.1" 500 29 "-" "PostmanRuntime/7.32.2"
::1 - - [22/Apr/2023:00:53:44 +0000] "PATCH /rooms/6443275f3b9c02b25a0d8171 HTTP/1.1" 500 29 "-" "PostmanRuntime/7.32.2"
::1 - - [22/Apr/2023:00:54:42 +0000] "PATCH /rooms/6443275f3b9c02b25a0d8171 HTTP/1.1" 200 116 "-" "PostmanRuntime/7.32.2"
::1 - - [22/Apr/2023:00:54:53 +0000] "GET /rooms/6443275f3b9c02b25a0d8171 HTTP/1.1" 200 292 "-" "PostmanRuntime/7.32.2"
::1 - - [22/Apr/2023:00:58:38 +0000] "PATCH /rooms/6443275f3b9c02b25a0d8171 HTTP/1.1" 200 116 "-" "PostmanRuntime/7.32.2"
::1 - - [22/Apr/2023:01:00:28 +0000] "PATCH /rooms/6443275f3b9c02b25a0d8171 HTTP/1.1" 200 116 "-" "PostmanRuntime/7.32.2"
::1 - - [22/Apr/2023:01:00:36 +0000] "GET /rooms/6443275f3b9c02b25a0d8171 HTTP/1.1" 200 292 "-" "PostmanRuntime/7.32.2"
::1 - - [22/Apr/2023:01:00:46 +0000] "PATCH /rooms/6443275f3b9c02b25a0d8171 HTTP/1.1" 200 116 "-" "PostmanRuntime/7.32.2"
::1 - - [22/Apr/2023:01:00:52 +0000] "GET /rooms/6443275f3b9c02b25a0d8171 HTTP/1.1" 200 293 "-" "PostmanRuntime/7.32.2"
::1 - - [22/Apr/2023:01:01:23 +0000] "POST /rooms HTTP/1.1" 401 43 "-" "PostmanRuntime/7.32.2"
::1 - - [22/Apr/2023:01:01:30 +0000] "POST /rooms HTTP/1.1" 200 293 "-" "PostmanRuntime/7.32.2"
::1 - - [22/Apr/2023:01:01:48 +0000] "GET /rooms HTTP/1.1" 200 565 "-" "PostmanRuntime/7.32.2"
::1 - - [22/Apr/2023:01:02:48 +0000] "DELETE /rooms/44331ea8065c380e1e3c434 HTTP/1.1" 200 62 "-" "PostmanRuntime/7.32.2"
::1 - - [22/Apr/2023:01:03:13 +0000] "DELETE /rooms/644331ea8065c380e1e3c434 HTTP/1.1" 200 62 "-" "PostmanRuntime/7.32.2"
::1 - - [22/Apr/2023:01:03:23 +0000] "GET /rooms HTTP/1.1" 200 565 "-" "PostmanRuntime/7.32.2"
::1 - - [22/Apr/2023:01:04:13 +0000] "GET /rooms/6443275f3b9c02b25a0d8171 HTTP/1.1" 200 293 "-" "PostmanRuntime/7.32.2"
::1 - - [22/Apr/2023:01:04:19 +0000] "DELETE /rooms/644331ea8065c380e1e3c434 HTTP/1.1" 200 62 "-" "PostmanRuntime/7.32.2"
::1 - - [22/Apr/2023:01:04:26 +0000] "DELETE /rooms/644331ea8065c380e1e3c434 HTTP/1.1" 200 62 "-" "PostmanRuntime/7.32.2"
::1 - - [22/Apr/2023:01:04:38 +0000] "GET /rooms HTTP/1.1" 200 295 "-" "PostmanRuntime/7.32.2"
::1 - - [22/Apr/2023:01:12:35 +0000] "GET /rooms/644331ea8065c380e1e3c434/reservations HTTP/1.1" 500 28 "-" "PostmanRuntime/7.32.2"
::1 - - [22/Apr/2023:01:13:36 +0000] "GET /rooms/644331ea8065c380e1e3c434/reservations HTTP/1.1" 200 28 "-" "PostmanRuntime/7.32.2"
::1 - - [22/Apr/2023:01:18:28 +0000] "POST /rooms/644331ea8065c380e1e3c434/reservations HTTP/1.1" 200 116 "-" "PostmanRuntime/7.32.2"
::1 - - [22/Apr/2023:01:20:30 +0000] "POST /rooms/644331ea8065c380e1e3c434/reservations HTTP/1.1" 200 116 "-" "PostmanRuntime/7.32.2"
::1 - - [22/Apr/2023:01:22:44 +0000] "POST /rooms/644331ea8065c380e1e3c434/reservations HTTP/1.1" 200 116 "-" "PostmanRuntime/7.32.2"
::1 - - [22/Apr/2023:01:28:13 +0000] "POST /rooms/644331ea8065c380e1e3c434/reservations HTTP/1.1" 200 116 "-" "PostmanRuntime/7.32.2"
::1 - - [22/Apr/2023:01:28:33 +0000] "POST /rooms/644331ea8065c380e1e3c434/reservations HTTP/1.1" 200 116 "-" "PostmanRuntime/7.32.2"
::1 - - [22/Apr/2023:01:33:00 +0000] "POST /rooms/644331ea8065c380e1e3c434/reservations HTTP/1.1" 200 116 "-" "PostmanRuntime/7.32.2"
::1 - - [22/Apr/2023:01:34:00 +0000] "POST /rooms/644331ea8065c380e1e3c434/reservations HTTP/1.1" 200 116 "-" "PostmanRuntime/7.32.2"
::1 - - [22/Apr/2023:01:35:04 +0000] "POST /rooms/644331ea8065c380e1e3c434/reservations HTTP/1.1" 200 116 "-" "PostmanRuntime/7.32.2"
::1 - - [22/Apr/2023:01:36:02 +0000] "POST /rooms/644331ea8065c380e1e3c434/reservations HTTP/1.1" 200 116 "-" "PostmanRuntime/7.32.2"
::1 - - [22/Apr/2023:01:36:06 +0000] "POST /rooms/644331ea8065c380e1e3c434/reservations HTTP/1.1" 200 116 "-" "PostmanRuntime/7.32.2"
::1 - - [22/Apr/2023:01:37:43 +0000] "POST /rooms/644331ea8065c380e1e3c434/reservations HTTP/1.1" 200 116 "-" "PostmanRuntime/7.32.2"
::1 - - [22/Apr/2023:01:41:36 +0000] "POST /rooms/644331ea8065c380e1e3c434/reservations HTTP/1.1" 200 116 "-" "PostmanRuntime/7.32.2"
::1 - - [22/Apr/2023:01:43:40 +0000] "POST /rooms/644331ea8065c380e1e3c434/reservations HTTP/1.1" 200 116 "-" "PostmanRuntime/7.32.2"
::1 - - [22/Apr/2023:01:44:50 +0000] "POST /rooms/644331ea8065c380e1e3c434/reservations HTTP/1.1" 200 116 "-" "PostmanRuntime/7.32.2"
::1 - - [22/Apr/2023:01:52:01 +0000] "GET /rooms/644331ea8065c380e1e3c434/reservations HTTP/1.1" 200 28 "-" "PostmanRuntime/7.32.2"
::1 - - [22/Apr/2023:01:53:17 +0000] "POST /rooms/644331ea8065c380e1e3c434/reservations HTTP/1.1" 200 116 "-" "PostmanRuntime/7.32.2"
::1 - - [22/Apr/2023:01:54:51 +0000] "POST /rooms/644331ea8065c380e1e3c434/reservations HTTP/1.1" 200 116 "-" "PostmanRuntime/7.32.2"
::1 - - [22/Apr/2023:01:56:18 +0000] "POST /rooms/644331ea8065c380e1e3c434/reservations HTTP/1.1" 200 116 "-" "PostmanRuntime/7.32.2"
::1 - - [22/Apr/2023:01:59:43 +0000] "POST /rooms/644331ea8065c380e1e3c434/reservations HTTP/1.1" 200 116 "-" "PostmanRuntime/7.32.2"
::1 - - [22/Apr/2023:02:02:13 +0000] "POST /rooms/644331ea8065c380e1e3c434/reservations HTTP/1.1" 200 116 "-" "PostmanRuntime/7.32.2"
::1 - - [22/Apr/2023:02:03:38 +0000] "POST /rooms/644331ea8065c380e1e3c434/reservations HTTP/1.1" 200 116 "-" "PostmanRuntime/7.32.2"
::1 - - [22/Apr/2023:02:04:26 +0000] "POST /rooms/644331ea8065c380e1e3c434/reservations HTTP/1.1" 200 116 "-" "PostmanRuntime/7.32.2"
::1 - - [22/Apr/2023:02:05:12 +0000] "POST /rooms/6443275f3b9c02b25a0d8171/reservations HTTP/1.1" 200 116 "-" "PostmanRuntime/7.32.2"
::1 - - [22/Apr/2023:02:08:57 +0000] "POST /rooms/6443275f3b9c02b25a0d8171/reservations HTTP/1.1" 200 116 "-" "PostmanRuntime/7.32.2"
::1 - - [22/Apr/2023:02:22:14 +0000] "POST /rooms/6443275f3b9c02b25a0d8171/reservations HTTP/1.1" 200 116 "-" "PostmanRuntime/7.32.2"
::1 - - [22/Apr/2023:02:23:28 +0000] "POST /rooms/6443275f3b9c02b25a0d8171/reservations HTTP/1.1" 200 116 "-" "PostmanRuntime/7.32.2"
::1 - - [22/Apr/2023:02:24:56 +0000] "POST /rooms/6443275f3b9c02b25a0d8171/reservations HTTP/1.1" 200 116 "-" "PostmanRuntime/7.32.2"
::1 - - [22/Apr/2023:02:27:00 +0000] "POST /rooms/6443275f3b9c02b25a0d8171/reservations HTTP/1.1" 200 116 "-" "PostmanRuntime/7.32.2"
::1 - - [22/Apr/2023:02:28:59 +0000] "GET /rooms/644331ea8065c380e1e3c434/reservations HTTP/1.1" 200 28 "-" "PostmanRuntime/7.32.2"
::1 - - [22/Apr/2023:02:29:22 +0000] "GET /rooms/6443275f3b9c02b25a0d8171/reservations HTTP/1.1" 200 28 "-" "PostmanRuntime/7.32.2"
::1 - - [22/Apr/2023:02:29:39 +0000] "GET /rooms/6443275f3b9c02b25a0d8171/reservations HTTP/1.1" 200 28 "-" "PostmanRuntime/7.32.2"
::1 - - [22/Apr/2023:02:33:00 +0000] "GET /rooms/6443275f3b9c02b25a0d8171/reservations HTTP/1.1" 200 28 "-" "PostmanRuntime/7.32.2"
::1 - - [22/Apr/2023:02:34:07 +0000] "GET /rooms/6443275f3b9c02b25a0d8171/reservations HTTP/1.1" 200 1518 "-" "PostmanRuntime/7.32.2"
::1 - - [22/Apr/2023:02:46:23 +0000] "DELETE /rooms/6443275f3b9c02b25a0d8171/reservations/644340d8aad71d7bccb9a196%20 HTTP/1.1" 500 130 "-" "PostmanRuntime/7.32.2"
::1 - - [22/Apr/2023:02:48:26 +0000] "DELETE /rooms/6443275f3b9c02b25a0d8171/reservations/644345785aaf8b6bf30277f0%20 HTTP/1.1" 500 130 "-" "PostmanRuntime/7.32.2"
::1 - - [22/Apr/2023:02:48:58 +0000] "DELETE /rooms/6443275f3b9c02b25a0d8171/reservations/644345785aaf8b6bf30277f0%20 HTTP/1.1" 500 130 "-" "PostmanRuntime/7.32.2"
::1 - - [22/Apr/2023:02:49:56 +0000] "DELETE /rooms/6443275f3b9c02b25a0d8171/reservations/644345785aaf8b6bf30277f0%20 HTTP/1.1" 200 116 "-" "PostmanRuntime/7.32.2"
::1 - - [22/Apr/2023:02:50:24 +0000] "DELETE /rooms/6443275f3b9c02b25a0d8171/reservations/644340d8aad71d7bccb9a196%20 HTTP/1.1" 200 116 "-" "PostmanRuntime/7.32.2"
::1 - - [22/Apr/2023:02:50:28 +0000] "GET /rooms/6443275f3b9c02b25a0d8171/reservations HTTP/1.1" 200 1518 "-" "PostmanRuntime/7.32.2"
::1 - - [22/Apr/2023:02:51:35 +0000] "DELETE /rooms/6443275f3b9c02b25a0d8171/reservations/644340d8aad71d7bccb9a196%20 HTTP/1.1" 200 116 "-" "PostmanRuntime/7.32.2"
::1 - - [22/Apr/2023:02:52:16 +0000] "DELETE /rooms/6443275f3b9c02b25a0d8171/reservations/644345f45aaf8b6bf30277f2%20 HTTP/1.1" 200 116 "-" "PostmanRuntime/7.32.2"
::1 - - [22/Apr/2023:02:52:39 +0000] "DELETE /rooms/6443275f3b9c02b25a0d8171/reservations/644345f45aaf8b6bf30277f2%20 HTTP/1.1" 200 116 "-" "PostmanRuntime/7.32.2"
::1 - - [22/Apr/2023:02:52:58 +0000] "DELETE /rooms/6443275f3b9c02b25a0d8171/reservations/644345f45aaf8b6bf30277f2%20 HTTP/1.1" 200 116 "-" "PostmanRuntime/7.32.2"
::1 - - [22/Apr/2023:02:53:31 +0000] "DELETE /rooms/6443275f3b9c02b25a0d8171/reservations/644345f45aaf8b6bf30277f2%20 HTTP/1.1" 200 116 "-" "PostmanRuntime/7.32.2"
::1 - - [22/Apr/2023:02:55:30 +0000] "DELETE /rooms/6443275f3b9c02b25a0d8171/reservations/644345f45aaf8b6bf30277f2%20 HTTP/1.1" 500 50 "-" "PostmanRuntime/7.32.2"
::1 - - [22/Apr/2023:02:55:52 +0000] "DELETE /rooms/6443275f3b9c02b25a0d8171/reservations/644345f45aaf8b6bf30277f2%20 HTTP/1.1" 500 50 "-" "PostmanRuntime/7.32.2"
::1 - - [22/Apr/2023:02:57:56 +0000] "DELETE /rooms/6443275f3b9c02b25a0d8171/reservations/644345f45aaf8b6bf30277f2%20 HTTP/1.1" 500 130 "-" "PostmanRuntime/7.32.2"
::1 - - [22/Apr/2023:03:00:18 +0000] "DELETE /rooms/6443275f3b9c02b25a0d8171/reservations/644345f45aaf8b6bf30277f2%20 HTTP/1.1" 500 70 "-" "PostmanRuntime/7.32.2"
::1 - - [22/Apr/2023:03:00:32 +0000] "DELETE /rooms/6443275f3b9c02b25a0d8171/reservations/644345f45aaf8b6bf30277f2%20 HTTP/1.1" 500 106 "-" "PostmanRuntime/7.32.2"
::1 - - [22/Apr/2023:03:01:11 +0000] "DELETE /rooms/6443275f3b9c02b25a0d8171/reservations/644345f45aaf8b6bf30277f2%20 HTTP/1.1" 500 106 "-" "PostmanRuntime/7.32.2"
::1 - - [22/Apr/2023:03:01:19 +0000] "DELETE /rooms/6443275f3b9c02b25a0d8171/reservations/644345f45aaf8b6bf30277f2%20 HTTP/1.1" 500 70 "-" "PostmanRuntime/7.32.2"
::1 - - [22/Apr/2023:03:01:33 +0000] "DELETE /rooms/6443275f3b9c02b25a0d8171/reservations/644345f45aaf8b6bf30277f2%20 HTTP/1.1" 500 35 "-" "PostmanRuntime/7.32.2"
::1 - - [22/Apr/2023:03:01:45 +0000] "DELETE /rooms/6443275f3b9c02b25a0d8171/reservations/644345f45aaf8b6bf30277f2%20 HTTP/1.1" 500 130 "-" "PostmanRuntime/7.32.2"
::1 - - [22/Apr/2023:03:02:44 +0000] "DELETE /rooms/6443275f3b9c02b25a0d8171/reservations/644345f45aaf8b6bf30277f2%20 HTTP/1.1" 500 30 "-" "PostmanRuntime/7.32.2"
::1 - - [22/Apr/2023:03:03:14 +0000] "DELETE /rooms/6443275f3b9c02b25a0d8171/reservations/644345f45aaf8b6bf30277f2%20 HTTP/1.1" 500 130 "-" "PostmanRuntime/7.32.2"
::1 - - [22/Apr/2023:03:04:48 +0000] "DELETE /rooms/6443275f3b9c02b25a0d8171/reservations/644345f45aaf8b6bf30277f2%20 HTTP/1.1" 200 116 "-" "PostmanRuntime/7.32.2"
::1 - - [22/Apr/2023:03:05:21 +0000] "DELETE /rooms/6443275f3b9c02b25a0d8171/reservations/644345f45aaf8b6bf30277f2%20 HTTP/1.1" 200 116 "-" "PostmanRuntime/7.32.2"
::1 - - [22/Apr/2023:03:07:37 +0000] "DELETE /rooms/6443275f3b9c02b25a0d8171/reservations/644345f45aaf8b6bf30277f2%20 HTTP/1.1" 500 130 "-" "PostmanRuntime/7.32.2"
::1 - - [22/Apr/2023:03:09:59 +0000] "GET /rooms/6443275f3b9c02b25a0d8171/reservations HTTP/1.1" 200 1518 "-" "PostmanRuntime/7.32.2"
::1 - - [22/Apr/2023:03:10:49 +0000] "DELETE /rooms/6443275f3b9c02b25a0d8171/reservations/644345f45aaf8b6bf30277f2%20 HTTP/1.1" 500 130 "-" "PostmanRuntime/7.32.2"
::1 - - [22/Apr/2023:03:14:36 +0000] "DELETE /rooms/6443275f3b9c02b25a0d8171/reservations/644345f45aaf8b6bf30277f2%20 HTTP/1.1" 500 130 "-" "PostmanRuntime/7.32.2"
::1 - - [22/Apr/2023:03:15:13 +0000] "DELETE /rooms/6443275f3b9c02b25a0d8171/reservations/644345f45aaf8b6bf30277f2%20 HTTP/1.1" 500 130 "-" "PostmanRuntime/7.32.2"
::1 - - [22/Apr/2023:03:19:23 +0000] "DELETE /rooms/6443275f3b9c02b25a0d8171/reservations/644345f45aaf8b6bf30277f2%20 HTTP/1.1" 500 130 "-" "PostmanRuntime/7.32.2"
::1 - - [22/Apr/2023:03:20:11 +0000] "DELETE /rooms/6443275f3b9c02b25a0d8171/reservations/644341b92ab26e1553c5b7b7%20 HTTP/1.1" 500 130 "-" "PostmanRuntime/7.32.2"
::1 - - [22/Apr/2023:03:20:37 +0000] "POST /rooms HTTP/1.1" 200 293 "-" "PostmanRuntime/7.32.2"
::1 - - [22/Apr/2023:03:21:24 +0000] "POST /rooms/64435285da2f3b353d1613a0/reservations HTTP/1.1" 200 116 "-" "PostmanRuntime/7.32.2"
::1 - - [22/Apr/2023:03:21:29 +0000] "GET /rooms/6443275f3b9c02b25a0d8171/reservations HTTP/1.1" 200 28 "-" "PostmanRuntime/7.32.2"
::1 - - [22/Apr/2023:03:21:44 +0000] "GET /rooms/64435285da2f3b353d1613a0/reservations HTTP/1.1" 200 552 "-" "PostmanRuntime/7.32.2"
::1 - - [22/Apr/2023:03:22:28 +0000] "DELETE /rooms/64435285da2f3b353d1613a0/reservations/644352b4da2f3b353d1613a3%20 HTTP/1.1" 500 130 "-" "PostmanRuntime/7.32.2"
::1 - - [22/Apr/2023:03:26:09 +0000] "DELETE /rooms/64435285da2f3b353d1613a0/reservations/644352b4da2f3b353d1613a3%20 HTTP/1.1" 200 116 "-" "PostmanRuntime/7.32.2"
::1 - - [22/Apr/2023:03:59:03 +0000] "PATCH /rooms/64435285da2f3b353d1613a0/reservations/644352b4da2f3b353d1613a3 HTTP/1.1" 200 116 "-" "PostmanRuntime/7.32.2"
::1 - - [22/Apr/2023:04:00:18 +0000] "PATCH /rooms/64435285da2f3b353d1613a0/reservations/644352b4da2f3b353d1613a3 HTTP/1.1" 200 116 "-" "PostmanRuntime/7.32.2"
::1 - - [22/Apr/2023:04:00:27 +0000] "PATCH /rooms/64435285da2f3b353d1613a0/reservations/644352b4da2f3b353d1613a3 HTTP/1.1" 200 116 "-" "PostmanRuntime/7.32.2"
::1 - - [22/Apr/2023:04:00:37 +0000] "GET /rooms/64435285da2f3b353d1613a0/reservations HTTP/1.1" 200 28 "-" "PostmanRuntime/7.32.2"
::1 - - [22/Apr/2023:04:00:47 +0000] "GET /rooms HTTP/1.1" 200 295 "-" "PostmanRuntime/7.32.2"
::1 - - [22/Apr/2023:04:01:13 +0000] "POST /rooms/64435285da2f3b353d1613a0/reservations HTTP/1.1" 200 116 "-" "PostmanRuntime/7.32.2"
::1 - - [22/Apr/2023:04:01:19 +0000] "GET /rooms/64435285da2f3b353d1613a0/reservations HTTP/1.1" 200 552 "-" "PostmanRuntime/7.32.2"
::1 - - [22/Apr/2023:04:01:45 +0000] "PATCH /rooms/64435285da2f3b353d1613a0/reservations/64435c09dc0d8ca01841d629 HTTP/1.1" 200 116 "-" "PostmanRuntime/7.32.2"
::1 - - [22/Apr/2023:04:02:18 +0000] "PATCH /rooms/64435285da2f3b353d1613a0/reservations/64435c09dc0d8ca01841d629 HTTP/1.1" 200 116 "-" "PostmanRuntime/7.32.2"
::1 - - [22/Apr/2023:04:04:29 +0000] "PATCH /rooms/64435285da2f3b353d1613a0/reservations/64435c09dc0d8ca01841d629 HTTP/1.1" 200 116 "-" "PostmanRuntime/7.32.2"
::1 - - [22/Apr/2023:04:08:31 +0000] "PATCH /rooms/64435285da2f3b353d1613a0/reservations/64435c09dc0d8ca01841d629 HTTP/1.1" 200 116 "-" "PostmanRuntime/7.32.2"
::1 - - [22/Apr/2023:04:10:59 +0000] "PATCH /rooms/64435285da2f3b353d1613a0/reservations/64435c09dc0d8ca01841d629 HTTP/1.1" 200 116 "-" "PostmanRuntime/7.32.2"
::1 - - [22/Apr/2023:04:11:21 +0000] "GET /rooms/64435285da2f3b353d1613a0/reservations HTTP/1.1" 200 552 "-" "PostmanRuntime/7.32.2"
::1 - - [22/Apr/2023:04:11:52 +0000] "GET /rooms/64435285da2f3b353d1613a0/reservations HTTP/1.1" 200 552 "-" "PostmanRuntime/7.32.2"
::1 - - [22/Apr/2023:04:12:57 +0000] "PATCH /rooms/64435285da2f3b353d1613a0/reservations/64435c09dc0d8ca01841d629 HTTP/1.1" 200 116 "-" "PostmanRuntime/7.32.2"
::1 - - [22/Apr/2023:04:13:18 +0000] "GET /rooms/64435285da2f3b353d1613a0/reservations HTTP/1.1" 200 552 "-" "PostmanRuntime/7.32.2"
::1 - - [22/Apr/2023:04:15:15 +0000] "PATCH /rooms/64435285da2f3b353d1613a0/reservations/64435c09dc0d8ca01841d629 HTTP/1.1" 200 116 "-" "PostmanRuntime/7.32.2"
::1 - - [22/Apr/2023:04:15:20 +0000] "GET /rooms/64435285da2f3b353d1613a0/reservations HTTP/1.1" 200 552 "-" "PostmanRuntime/7.32.2"
::1 - - [22/Apr/2023:04:16:07 +0000] "PATCH /rooms/64435285da2f3b353d1613a0/reservations/64435c09dc0d8ca01841d629 HTTP/1.1" 200 116 "-" "PostmanRuntime/7.32.2"
::1 - - [22/Apr/2023:04:17:06 +0000] "PATCH /rooms/64435285da2f3b353d1613a0/reservations/64435c09dc0d8ca01841d629 HTTP/1.1" 200 116 "-" "PostmanRuntime/7.32.2"
::1 - - [22/Apr/2023:04:17:12 +0000] "GET /rooms/64435285da2f3b353d1613a0/reservations HTTP/1.1" 200 550 "-" "PostmanRuntime/7.32.2"
::1 - - [22/Apr/2023:04:21:28 +0000] "PATCH /rooms/64435285da2f3b353d1613a0/reservations/64435c09dc0d8ca01841d629 HTTP/1.1" 200 116 "-" "PostmanRuntime/7.32.2"
::1 - - [22/Apr/2023:04:21:36 +0000] "GET /rooms/64435285da2f3b353d1613a0/reservations HTTP/1.1" 200 549 "-" "PostmanRuntime/7.32.2"
::1 - - [22/Apr/2023:04:23:18 +0000] "GET /rooms/64435285da2f3b353d1613a0/reservations/64435c09dc0d8ca01841d629 HTTP/1.1" 200 549 "-" "PostmanRuntime/7.32.2"
::1 - - [22/Apr/2023:04:26:13 +0000] "GET /rooms/64435285da2f3b353d1613a0/reservations/64435c09dc0d8ca01841d629 HTTP/1.1" 200 299 "-" "PostmanRuntime/7.32.2"
::1 - - [22/Apr/2023:04:28:35 +0000] "GET /rooms/64435285da2f3b353d1613a0/reservations/64435c09dc0d8ca01841d629 HTTP/1.1" 200 280 "-" "PostmanRuntime/7.32.2"
::1 - - [22/Apr/2023:16:18:44 +0000] "GET /rooms/64435285da2f3b353d1613a0/reservations HTTP/1.1" 200 549 "-" "PostmanRuntime/7.32.2"
::1 - - [22/Apr/2023:16:19:18 +0000] "DELETE /rooms/64435285da2f3b353d1613a0/reservations/64435c09dc0d8ca01841d629%20 HTTP/1.1" 200 116 "-" "PostmanRuntime/7.32.2"
::1 - - [22/Apr/2023:16:19:24 +0000] "GET /rooms/64435285da2f3b353d1613a0/reservations HTTP/1.1" 200 28 "-" "PostmanRuntime/7.32.2"
::1 - - [22/Apr/2023:16:19:42 +0000] "POST /rooms/64435285da2f3b353d1613a0/reservations HTTP/1.1" 200 116 "-" "PostmanRuntime/7.32.2"
::1 - - [22/Apr/2023:16:19:48 +0000] "GET /rooms/64435285da2f3b353d1613a0/reservations HTTP/1.1" 200 551 "-" "PostmanRuntime/7.32.2"
::1 - - [22/Apr/2023:16:20:08 +0000] "POST /rooms/64435285da2f3b353d1613a0/reservations HTTP/1.1" 500 46 "-" "PostmanRuntime/7.32.2"
::1 - - [22/Apr/2023:17:00:46 +0000] "DELETE /rooms/64435285da2f3b353d1613a0/reservations/6444091e00a10e289cfda0cd%20 HTTP/1.1" 200 116 "-" "PostmanRuntime/7.32.2"
::1 - - [22/Apr/2023:17:02:00 +0000] "POST /rooms/64435285da2f3b353d1613a0/reservations HTTP/1.1" 500 48 "-" "PostmanRuntime/7.32.2"
::1 - - [22/Apr/2023:17:02:12 +0000] "GET /rooms/64435285da2f3b353d1613a0/reservations HTTP/1.1" 200 28 "-" "PostmanRuntime/7.32.2"
::1 - - [22/Apr/2023:17:02:26 +0000] "POST /rooms/64435285da2f3b353d1613a0/reservations HTTP/1.1" 500 48 "-" "PostmanRuntime/7.32.2"
::1 - - [22/Apr/2023:17:03:03 +0000] "GET /rooms HTTP/1.1" 200 294 "-" "PostmanRuntime/7.32.2"
::1 - - [22/Apr/2023:17:03:31 +0000] "POST /rooms/64435285da2f3b353d1613a0/reservations HTTP/1.1" 500 48 "-" "PostmanRuntime/7.32.2"
::1 - - [22/Apr/2023:17:04:30 +0000] "POST /rooms HTTP/1.1" 200 293 "-" "PostmanRuntime/7.32.2"
::1 - - [22/Apr/2023:17:04:43 +0000] "POST /rooms/6444139eaed8afb89062d7af/reservations HTTP/1.1" 200 116 "-" "PostmanRuntime/7.32.2"
::1 - - [22/Apr/2023:17:04:49 +0000] "GET /rooms/64435285da2f3b353d1613a0/reservations HTTP/1.1" 200 28 "-" "PostmanRuntime/7.32.2"
::1 - - [22/Apr/2023:17:04:58 +0000] "GET /rooms/6444139eaed8afb89062d7af/reservations HTTP/1.1" 200 551 "-" "PostmanRuntime/7.32.2"
::1 - - [22/Apr/2023:17:06:28 +0000] "GET /rooms/6444139eaed8afb89062d7af/reservations HTTP/1.1" 200 551 "-" "PostmanRuntime/7.32.2"
::1 - - [22/Apr/2023:17:09:34 +0000] "GET /rooms/6444139eaed8afb89062d7af/reservations HTTP/1.1" 200 551 "-" "PostmanRuntime/7.32.2"
::1 - - [22/Apr/2023:17:09:43 +0000] "GET /rooms HTTP/1.1" 200 553 "-" "PostmanRuntime/7.32.2"
::1 - - [22/Apr/2023:17:20:37 +0000] "GET /rooms HTTP/1.1" 200 553 "-" "PostmanRuntime/7.32.2"
::1 - - [22/Apr/2023:17:21:16 +0000] "GET /rooms HTTP/1.1" 200 553 "-" "PostmanRuntime/7.32.2"
::1 - - [22/Apr/2023:17:38:19 +0000] "GET /rooms HTTP/1.1" 200 553 "-" "PostmanRuntime/7.32.2"
::1 - - [22/Apr/2023:17:38:59 +0000] "GET /rooms HTTP/1.1" 200 553 "-" "PostmanRuntime/7.32.2"
::1 - - [22/Apr/2023:17:39:18 +0000] "GET /rooms/6444139eaed8afb89062d7af/reservations HTTP/1.1" 200 551 "-" "PostmanRuntime/7.32.2"
::1 - - [22/Apr/2023:17:39:45 +0000] "DELETE /rooms/6444139eaed8afb89062d7af/reservations/644413abaed8afb89062d7b8%20 HTTP/1.1" 200 116 "-" "PostmanRuntime/7.32.2"
::1 - - [22/Apr/2023:17:39:50 +0000] "GET /rooms/6444139eaed8afb89062d7af/reservations HTTP/1.1" 200 28 "-" "PostmanRuntime/7.32.2"
::1 - - [22/Apr/2023:17:40:04 +0000] "GET /rooms HTTP/1.1" 200 294 "-" "PostmanRuntime/7.32.2"
::1 - - [22/Apr/2023:17:40:39 +0000] "POST /rooms HTTP/1.1" 200 293 "-" "PostmanRuntime/7.32.2"
::1 - - [22/Apr/2023:17:41:08 +0000] "POST /rooms/64441c17c732934f15d479b6/reservations HTTP/1.1" 200 116 "-" "PostmanRuntime/7.32.2"
::1 - - [22/Apr/2023:17:41:26 +0000] "POST /rooms HTTP/1.1" 200 293 "-" "PostmanRuntime/7.32.2"
::1 - - [22/Apr/2023:17:41:55 +0000] "POST /rooms/64441c46c732934f15d479c5/reservations HTTP/1.1" 200 116 "-" "PostmanRuntime/7.32.2"
::1 - - [22/Apr/2023:17:42:18 +0000] "GET /rooms/64441c46c732934f15d479c5/reservations HTTP/1.1" 200 551 "-" "PostmanRuntime/7.32.2"
::1 - - [22/Apr/2023:17:42:38 +0000] "GET /rooms/64441c46c732934f15d479c5/reservations HTTP/1.1" 200 551 "-" "PostmanRuntime/7.32.2"
::1 - - [22/Apr/2023:17:44:25 +0000] "GET /rooms/64441c46c732934f15d479c5/reservations HTTP/1.1" 200 551 "-" "PostmanRuntime/7.32.2"
::1 - - [22/Apr/2023:17:46:38 +0000] "GET /rooms/64441c46c732934f15d479c5/reservations HTTP/1.1" 200 551 "-" "PostmanRuntime/7.32.2"
::1 - - [22/Apr/2023:17:47:52 +0000] "GET /rooms/64441c46c732934f15d479c5/reservations HTTP/1.1" 200 552 "-" "PostmanRuntime/7.32.2"
::1 - - [22/Apr/2023:18:07:27 +0000] "POST /rooms HTTP/1.1" 200 293 "-" "PostmanRuntime/7.32.2"
::1 - - [22/Apr/2023:18:07:38 +0000] "GET /rooms HTTP/1.1" 200 824 "-" "PostmanRuntime/7.32.2"
::1 - - [22/Apr/2023:18:08:58 +0000] "POST /rooms/6444225f618ce07d038cac37/reservations HTTP/1.1" 200 116 "-" "PostmanRuntime/7.32.2"
::1 - - [22/Apr/2023:18:09:05 +0000] "GET /rooms HTTP/1.1" 200 1082 "-" "PostmanRuntime/7.32.2"
::1 - - [22/Apr/2023:18:15:49 +0000] "GET /rooms/reservations HTTP/1.1" 404 26 "-" "PostmanRuntime/7.32.2"
::1 - - [22/Apr/2023:18:21:04 +0000] "GET /rooms/reservations HTTP/1.1" 404 26 "-" "PostmanRuntime/7.32.2"
::1 - - [22/Apr/2023:18:22:32 +0000] "GET /rooms/reservations HTTP/1.1" 404 26 "-" "PostmanRuntime/7.32.2"
::1 - - [22/Apr/2023:18:23:34 +0000] "GET /rooms/reservations HTTP/1.1" 500 65 "-" "Mozilla/5.0 (Windows NT 10.0; Win64; x64) AppleWebKit/537.36 (KHTML, like Gecko) Chrome/112.0.0.0 Safari/537.36"
::1 - - [22/Apr/2023:18:23:35 +0000] "GET /favicon.ico HTTP/1.1" 500 28 "http://localhost:3000/rooms/reservations" "Mozilla/5.0 (Windows NT 10.0; Win64; x64) AppleWebKit/537.36 (KHTML, like Gecko) Chrome/112.0.0.0 Safari/537.36"
::1 - - [22/Apr/2023:18:24:55 +0000] "GET /rooms/reservations HTTP/1.1" 404 26 "-" "PostmanRuntime/7.32.2"
::1 - - [22/Apr/2023:18:26:37 +0000] "GET /rooms/reservations HTTP/1.1" 404 26 "-" "PostmanRuntime/7.32.2"
::1 - - [22/Apr/2023:18:26:58 +0000] "GET /rooms/reservations HTTP/1.1" 404 26 "-" "PostmanRuntime/7.32.2"
::1 - - [22/Apr/2023:18:29:08 +0000] "GET /reservations HTTP/1.1" 500 40 "-" "PostmanRuntime/7.32.2"
::1 - - [22/Apr/2023:18:32:22 +0000] "GET /reservations HTTP/1.1" 200 26 "-" "PostmanRuntime/7.32.2"
::1 - - [22/Apr/2023:18:36:58 +0000] "GET /reservations HTTP/1.1" 200 564 "-" "PostmanRuntime/7.32.2"
::1 - - [22/Apr/2023:18:42:13 +0000] "GET /reservations HTTP/1.1" 200 564 "-" "PostmanRuntime/7.32.2"
::1 - - [22/Apr/2023:18:45:27 +0000] "GET /reservations HTTP/1.1" 500 63 "-" "PostmanRuntime/7.32.2"
::1 - - [22/Apr/2023:18:53:43 +0000] "GET /reservations HTTP/1.1" 500 127 "-" "PostmanRuntime/7.32.2"
::1 - - [22/Apr/2023:18:54:16 +0000] "GET /reservations HTTP/1.1" 200 564 "-" "PostmanRuntime/7.32.2"
::1 - - [22/Apr/2023:19:08:58 +0000] "GET /rooms HTTP/1.1" 200 1082 "-" "PostmanRuntime/7.32.2"
::1 - - [22/Apr/2023:19:09:38 +0000] "POST /rooms/64441c46c732934f15d479c5/reservations HTTP/1.1" 500 37 "-" "PostmanRuntime/7.32.2"
::1 - - [22/Apr/2023:19:10:22 +0000] "POST /rooms/64441c46c732934f15d479c5/reservations HTTP/1.1" 200 116 "-" "PostmanRuntime/7.32.2"
::1 - - [22/Apr/2023:19:10:28 +0000] "GET /rooms/64441c46c732934f15d479c5/reservations HTTP/1.1" 200 860 "-" "PostmanRuntime/7.32.2"
::1 - - [22/Apr/2023:19:27:15 +0000] "GET /reservations HTTP/1.1" 200 873 "-" "PostmanRuntime/7.32.2"
::1 - - [22/Apr/2023:19:27:49 +0000] "POST /rooms HTTP/1.1" 200 293 "-" "PostmanRuntime/7.32.2"
::1 - - [22/Apr/2023:19:28:00 +0000] "POST /rooms HTTP/1.1" 200 293 "-" "PostmanRuntime/7.32.2"
::1 - - [22/Apr/2023:19:28:08 +0000] "GET /rooms HTTP/1.1" 200 565 "-" "PostmanRuntime/7.32.2"
::1 - - [22/Apr/2023:19:28:41 +0000] "POST /rooms/6444353573a049dd0a770998/reservations HTTP/1.1" 200 116 "-" "PostmanRuntime/7.32.2"
::1 - - [22/Apr/2023:19:29:04 +0000] "POST /rooms/6444353573a049dd0a770998/reservations HTTP/1.1" 500 48 "-" "PostmanRuntime/7.32.2"
::1 - - [22/Apr/2023:19:29:13 +0000] "POST /rooms/6444354073a049dd0a77099a/reservations HTTP/1.1" 200 116 "-" "PostmanRuntime/7.32.2"
::1 - - [22/Apr/2023:19:29:22 +0000] "GET /reservations HTTP/1.1" 200 676 "-" "PostmanRuntime/7.32.2"
::1 - - [22/Apr/2023:19:49:00 +0000] "POST /rooms HTTP/1.1" 200 293 "-" "PostmanRuntime/7.32.2"
::1 - - [22/Apr/2023:19:49:14 +0000] "POST /rooms HTTP/1.1" 200 293 "-" "PostmanRuntime/7.32.2"
::1 - - [22/Apr/2023:19:49:38 +0000] "GET /rooms HTTP/1.1" 200 565 "-" "PostmanRuntime/7.32.2"
::1 - - [22/Apr/2023:19:50:10 +0000] "POST /rooms/64443a3a73a049dd0a7709aa/reservations HTTP/1.1" 200 116 "-" "PostmanRuntime/7.32.2"
::1 - - [22/Apr/2023:19:50:33 +0000] "POST /rooms/64443a2c73a049dd0a7709a8/reservations HTTP/1.1" 200 116 "-" "PostmanRuntime/7.32.2"
::1 - - [22/Apr/2023:19:50:40 +0000] "GET /rooms/64441c46c732934f15d479c5/reservations HTTP/1.1" 200 28 "-" "PostmanRuntime/7.32.2"
::1 - - [22/Apr/2023:19:50:54 +0000] "GET /reservations HTTP/1.1" 200 676 "-" "PostmanRuntime/7.32.2"
